<?xml version="1.0" encoding="UTF-8"?>
<!-- Generated by org.testng.reporters.JUnitXMLReporter -->
<testsuite ignored="0" hostname="LAPTOP-1STCPRVI" failures="0" tests="3" name="Parallel Tests" time="0.05" errors="0" timestamp="2023-01-12T11:12:53 IST">
  <testcase classname="TestNgDemo.Test.HomeTest" name="addtoCart" time="0.01"/>
  <testcase classname="TestNgDemo.Test.HomeTest" name="checkforLinks" time="0.01"/>
  <testcase classname="TestNgDemo.Test.HomeTest" name="verifySearchbar" time="0.001"/>
</testsuite> <!-- Parallel Tests -->
