<?xml version="1.0" encoding="UTF-8"?>
<!-- Generated by org.testng.reporters.JUnitXMLReporter -->
<testsuite ignored="0" hostname="LAPTOP-1STCPRVI" failures="0" tests="3" name="Test2" time="0.018" errors="0" timestamp="2023-01-10T10:47:39 IST">
  <testcase classname="Test2.test.PaymentTest" name="creditCardPament" time="0.003"/>
  <testcase classname="Test2.test.PaymentTest" name="netBanking" time="0.003"/>
  <testcase classname="Test2.test.PaymentTest" name="upiPayment" time="0.001"/>
</testsuite> <!-- Test2 -->
