<?xml version="1.0" encoding="UTF-8"?>
<testng-results ignored="0" total="1" passed="1" failed="0" skipped="0">
  <reporter-output>
  </reporter-output>
  <suite started-at="2023-01-12T10:20:16 IST" name="Default suite" finished-at="2023-01-12T10:20:16 IST" duration-ms="179">
    <groups>
    </groups>
    <test started-at="2023-01-12T10:20:16 IST" name="Default test" finished-at="2023-01-12T10:20:16 IST" duration-ms="179">
      <class name="DEMOTEST1.Test.ALLANOTATIONSWRK">
        <test-method is-config="true" signature="AmazonSeTup()[pri:0, instance:DEMOTEST1.Test.ALLANOTATIONSWRK@5223e5ee]" started-at="2023-01-12T10:20:16 IST" name="AmazonSeTup" finished-at="2023-01-12T10:20:16 IST" duration-ms="11" status="PASS">
          <reporter-output>
          </reporter-output>
        </test-method> <!-- AmazonSeTup -->
        <test-method is-config="true" signature="VerifyLogin()[pri:0, instance:DEMOTEST1.Test.ALLANOTATIONSWRK@5223e5ee]" started-at="2023-01-12T10:20:16 IST" name="VerifyLogin" finished-at="2023-01-12T10:20:16 IST" duration-ms="3" status="PASS">
          <reporter-output>
          </reporter-output>
        </test-method> <!-- VerifyLogin -->
        <test-method is-config="true" signature="HomePage()[pri:0, instance:DEMOTEST1.Test.ALLANOTATIONSWRK@5223e5ee]" started-at="2023-01-12T10:20:16 IST" name="HomePage" finished-at="2023-01-12T10:20:16 IST" duration-ms="1" status="PASS">
          <reporter-output>
          </reporter-output>
        </test-method> <!-- HomePage -->
        <test-method signature="AmazonLogin()[pri:0, instance:DEMOTEST1.Test.ALLANOTATIONSWRK@5223e5ee]" started-at="2023-01-12T10:20:16 IST" name="AmazonLogin" finished-at="2023-01-12T10:20:16 IST" duration-ms="25" status="PASS">
          <reporter-output>
          </reporter-output>
        </test-method> <!-- AmazonLogin -->
        <test-method is-config="true" signature="AddToCart()[pri:0, instance:DEMOTEST1.Test.ALLANOTATIONSWRK@5223e5ee]" started-at="2023-01-12T10:20:16 IST" name="AddToCart" finished-at="2023-01-12T10:20:16 IST" duration-ms="4" status="PASS">
          <reporter-output>
          </reporter-output>
        </test-method> <!-- AddToCart -->
        <test-method is-config="true" signature="PaymentProcess()[pri:0, instance:DEMOTEST1.Test.ALLANOTATIONSWRK@5223e5ee]" started-at="2023-01-12T10:20:16 IST" name="PaymentProcess" finished-at="2023-01-12T10:20:16 IST" duration-ms="24" status="PASS">
          <reporter-output>
          </reporter-output>
        </test-method> <!-- PaymentProcess -->
        <test-method is-config="true" signature="OrderConfirm()[pri:0, instance:DEMOTEST1.Test.ALLANOTATIONSWRK@5223e5ee]" started-at="2023-01-12T10:20:16 IST" name="OrderConfirm" finished-at="2023-01-12T10:20:16 IST" duration-ms="0" status="PASS">
          <reporter-output>
          </reporter-output>
        </test-method> <!-- OrderConfirm -->
      </class> <!-- DEMOTEST1.Test.ALLANOTATIONSWRK -->
    </test> <!-- Default test -->
  </suite> <!-- Default suite -->
</testng-results>
